{
  "Cucumber Features": {
    "coverage": {
      "/home/cn/Documents/RUBY/project/proj09/RoomManagement/app/controllers/application_controller.rb": [
        1,
        1,
        null
      ],
      "/home/cn/Documents/RUBY/project/proj09/RoomManagement/app/helpers/application_helper.rb": [
        1,
        null
      ],
      "/home/cn/Documents/RUBY/project/proj09/RoomManagement/app/helpers/rooms_helper.rb": [
        1,
        null
      ],
      "/home/cn/Documents/RUBY/project/proj09/RoomManagement/app/helpers/staffs_helper.rb": [
        1,
        null
      ],
      "/home/cn/Documents/RUBY/project/proj09/RoomManagement/app/helpers/static_pages_helper.rb": [
        1,
        null
      ],
      "/home/cn/Documents/RUBY/project/proj09/RoomManagement/app/controllers/rooms_controller.rb": [
        1,
        null,
        null,
        1,
        5,
        null,
        5,
        5,
        5,
        null,
        null,
        null,
        null,
        null,
        1,
        3,
        null,
        3,
        3,
        3,
        null,
        null,
        null,
        null,
        null,
        1,
        2,
        null,
        2,
        2,
        2,
        null,
        null,
        null,
        null,
        1,
        0,
        null,
        null,
        null,
        null,
        1,
        null,
        2,
        null,
        2,
        2,
        4,
        2,
        null,
        0,
        0,
        null,
        null,
        null,
        null,
        null,
        null,
        1,
        null,
        null,
        null,
        null,
        null,
        null,
        null,
        null,
        null,
        null,
        null,
        null,
        null,
        null,
        null,
        1,
        null,
        null,
        null,
        null,
        null,
        null,
        null,
        null,
        null,
        null
      ],
      "/home/cn/Documents/RUBY/project/proj09/RoomManagement/app/models/room.rb": [
        1,
        null,
        1,
        1,
        null
      ],
      "/home/cn/Documents/RUBY/project/proj09/RoomManagement/app/controllers/staffs_controller.rb": [
        1,
        null,
        null,
        1,
        null,
        null,
        null,
        null,
        null,
        1,
        null,
        null,
        null,
        null,
        null,
        null,
        null,
        null,
        null,
        null,
        1,
        null,
        null,
        null,
        null,
        null,
        null,
        null,
        null,
        null,
        1,
        null,
        null,
        null,
        null,
        null,
        1,
        null,
        null,
        null,
        null,
        null,
        null,
        null,
        null,
        null,
        null,
        null,
        null,
        null,
        null,
        null,
        1,
        null,
        null,
        null,
        null,
        null,
        null,
        null,
        null,
        null,
        null,
        null,
        null,
        null,
        null,
        null,
        1,
        null,
        null,
        null,
        null,
        null,
        null,
        null,
        null,
        null,
        1,
        null,
        null,
        1,
        null,
        2,
        2,
        null,
        2,
        0,
        2,
        1,
        1,
        null,
        1,
        1,
        null,
        null,
        null,
        null
      ],
      "/home/cn/Documents/RUBY/project/proj09/RoomManagement/app/models/staff.rb": [
        1,
        1,
        1,
        null
      ],
      "/home/cn/Documents/RUBY/project/proj09/RoomManagement/app/controllers/static_pages_controller.rb": [
        1,
        1,
        null,
        null
      ]
    },
    "timestamp": 1359945991
  },
  "RSpec": {
    "coverage": {
      "/home/cn/Documents/RUBY/project/proj09/RoomManagement/app/controllers/application_controller.rb": [
        1,
        1,
        null
      ],
      "/home/cn/Documents/RUBY/project/proj09/RoomManagement/app/helpers/application_helper.rb": [
        1,
        null
      ],
      "/home/cn/Documents/RUBY/project/proj09/RoomManagement/app/helpers/rooms_helper.rb": [
        1,
        null
      ],
      "/home/cn/Documents/RUBY/project/proj09/RoomManagement/app/helpers/staffs_helper.rb": [
        1,
        null
      ],
      "/home/cn/Documents/RUBY/project/proj09/RoomManagement/app/helpers/static_pages_helper.rb": [
        1,
        null
      ],
      "/home/cn/Documents/RUBY/project/proj09/RoomManagement/app/controllers/rooms_controller.rb": [
        1,
        null,
        null,
        1,
        2,
        null,
        2,
        2,
        2,
        null,
        null,
        null,
        null,
        null,
        1,
        1,
        null,
        1,
        1,
        1,
        null,
        null,
        null,
        null,
        null,
        1,
        1,
        null,
        1,
        1,
        1,
        null,
        null,
        null,
        null,
        1,
        1,
        null,
        null,
        null,
        null,
        1,
        null,
        4,
        null,
        4,
        4,
        4,
        2,
        null,
        4,
        2,
        null,
        null,
        null,
        null,
        null,
        null,
        1,
        null,
        null,
        null,
        null,
        null,
        null,
        null,
        null,
        null,
        null,
        null,
        null,
        null,
        null,
        null,
        1,
        null,
        null,
        null,
        null,
        null,
        null,
        null,
        null,
        null,
        null
      ],
      "/home/cn/Documents/RUBY/project/proj09/RoomManagement/app/models/room.rb": [
        1,
        null,
        1,
        1,
        null
      ],
      "/home/cn/Documents/RUBY/project/proj09/RoomManagement/app/controllers/staffs_controller.rb": [
        1,
        null,
        null,
        1,
        null,
        null,
        null,
        null,
        null,
        1,
        null,
        null,
        null,
        null,
        null,
        null,
        null,
        null,
        null,
        null,
        1,
        null,
        null,
        null,
        null,
        null,
        null,
        null,
        null,
        null,
        1,
        null,
        null,
        null,
        null,
        null,
        1,
        null,
        null,
        null,
        null,
        null,
        null,
        null,
        null,
        null,
        null,
        null,
        null,
        null,
        null,
        null,
        1,
        null,
        null,
        null,
        null,
        null,
        null,
        null,
        null,
        null,
        null,
        null,
        null,
        null,
        null,
        null,
        1,
        null,
        null,
        null,
        null,
        null,
        null,
        null,
        null,
        null,
        1,
        null,
        null,
        1,
        null,
        0,
        0,
        null,
        0,
        0,
        0,
        0,
        0,
        null,
        0,
        0,
        null,
        null,
        null,
        null
      ],
      "/home/cn/Documents/RUBY/project/proj09/RoomManagement/app/models/staff.rb": [
        1,
        1,
        1,
        null
      ],
      "/home/cn/Documents/RUBY/project/proj09/RoomManagement/app/controllers/static_pages_controller.rb": [
        1,
        1,
        null,
        null
      ]
    },
    "timestamp": 1359945935
  }
}
